TN:
SF:src\config\index.ts
FN:7,getEnv
FNF:1
FNH:1
FNDA:38,getEnv
DA:1,2
DA:3,2
DA:4,2
DA:8,38
DA:9,38
DA:10,0
DA:11,0
DA:13,38
DA:16,2
LF:9
LH:7
BRDA:3,0,0,2
BRDA:3,0,1,0
BRDA:9,1,0,0
BRDA:9,1,1,38
BRDA:9,2,0,38
BRDA:9,2,1,38
BRDA:10,3,0,0
BRDA:10,3,1,0
BRF:8
BRH:4
end_of_record
TN:
SF:src\config\prisma.ts
FNF:0
FNH:0
DA:1,0
DA:7,0
DA:11,0
DA:12,0
DA:15,0
LF:5
LH:0
BRDA:7,0,0,0
BRDA:7,0,1,0
BRDA:11,1,0,0
BRDA:11,1,1,0
BRF:4
BRH:0
end_of_record
TN:
SF:src\config\swagger.ts
FN:33,setupSwagger
FNF:1
FNH:0
FNDA:0,setupSwagger
DA:1,0
DA:2,0
DA:4,0
DA:6,0
DA:31,0
DA:33,0
DA:34,0
LF:7
LH:0
BRF:0
BRH:0
end_of_record
TN:
SF:src\middlewares\asyncHandler.ts
FN:3,asyncHandler
FN:6,(anonymous_1)
FNF:2
FNH:0
FNDA:0,asyncHandler
FNDA:0,(anonymous_1)
DA:3,0
DA:6,0
DA:7,0
LF:3
LH:0
BRF:0
BRH:0
end_of_record
TN:
SF:src\middlewares\auth.ts
FN:10,authenticate
FN:46,authorize
FN:47,(anonymous_3)
FN:65,(anonymous_4)
FNF:4
FNH:0
FNDA:0,authenticate
FNDA:0,authorize
FNDA:0,(anonymous_3)
FNDA:0,(anonymous_4)
DA:2,0
DA:3,0
DA:10,0
DA:11,0
DA:12,0
DA:14,0
DA:15,0
DA:22,0
DA:23,0
DA:24,0
DA:25,0
DA:27,0
DA:28,0
DA:29,0
DA:31,0
DA:32,0
DA:38,0
DA:46,0
DA:47,0
DA:48,0
DA:49,0
DA:56,0
DA:63,0
DA:64,0
DA:65,0
DA:68,0
DA:69,0
DA:76,0
LF:28
LH:0
BRDA:12,0,0,0
BRDA:12,0,1,0
BRDA:12,1,0,0
BRDA:12,1,1,0
BRDA:14,2,0,0
BRDA:14,2,1,0
BRDA:24,3,0,0
BRDA:24,3,1,0
BRDA:31,4,0,0
BRDA:31,4,1,0
BRDA:48,5,0,0
BRDA:48,5,1,0
BRDA:63,6,0,0
BRDA:63,6,1,0
BRDA:65,7,0,0
BRDA:65,7,1,0
BRDA:68,8,0,0
BRDA:68,8,1,0
BRF:18
BRH:0
end_of_record
TN:
SF:src\middlewares\errorHandler.ts
FN:10,errorHandler
FNF:1
FNH:0
FNDA:0,errorHandler
DA:2,0
DA:10,0
DA:16,0
DA:17,0
DA:18,0
DA:20,0
DA:27,0
DA:28,0
DA:35,0
LF:9
LH:0
BRDA:16,0,0,0
BRDA:16,0,1,0
BRDA:17,1,0,0
BRDA:17,1,1,0
BRDA:18,2,0,0
BRDA:18,2,1,0
BRDA:27,3,0,0
BRDA:27,3,1,0
BRDA:27,4,0,0
BRDA:27,4,1,0
BRDA:37,5,0,0
BRDA:37,5,1,0
BRF:12
BRH:0
end_of_record
TN:
SF:src\middlewares\notFound.ts
FN:3,notFound
FNF:1
FNH:0
FNDA:0,notFound
DA:3,0
DA:4,0
DA:5,0
DA:6,0
DA:7,0
LF:5
LH:0
BRF:0
BRH:0
end_of_record
TN:
SF:src\middlewares\upload.ts
FN:23,fileUpload
FN:28,(anonymous_2)
FN:35,(anonymous_3)
FN:47,(anonymous_4)
FN:62,(anonymous_5)
FN:63,(anonymous_6)
FN:88,multiFileUpload
FN:90,(anonymous_8)
FN:91,(anonymous_9)
FN:99,(anonymous_10)
FN:110,(anonymous_11)
FN:111,(anonymous_12)
FN:123,(anonymous_13)
FN:125,(anonymous_14)
FN:126,(anonymous_15)
FNF:15
FNH:0
FNDA:0,fileUpload
FNDA:0,(anonymous_2)
FNDA:0,(anonymous_3)
FNDA:0,(anonymous_4)
FNDA:0,(anonymous_5)
FNDA:0,(anonymous_6)
FNDA:0,multiFileUpload
FNDA:0,(anonymous_8)
FNDA:0,(anonymous_9)
FNDA:0,(anonymous_10)
FNDA:0,(anonymous_11)
FNDA:0,(anonymous_12)
FNDA:0,(anonymous_13)
FNDA:0,(anonymous_14)
FNDA:0,(anonymous_15)
DA:1,0
DA:2,0
DA:3,0
DA:4,0
DA:5,0
DA:7,0
DA:9,0
DA:16,0
DA:23,0
DA:24,0
DA:25,0
DA:27,0
DA:29,0
DA:30,0
DA:31,0
DA:33,0
DA:36,0
DA:37,0
DA:38,0
DA:42,0
DA:48,0
DA:49,0
DA:50,0
DA:53,0
DA:54,0
DA:57,0
DA:58,0
DA:62,0
DA:63,0
DA:64,0
DA:65,0
DA:71,0
DA:72,0
DA:78,0
DA:88,0
DA:89,0
DA:91,0
DA:92,0
DA:93,0
DA:94,0
DA:95,0
DA:97,0
DA:100,0
DA:101,0
DA:105,0
DA:111,0
DA:112,0
DA:113,0
DA:114,0
DA:115,0
DA:116,0
DA:119,0
DA:123,0
DA:125,0
DA:126,0
DA:127,0
DA:128,0
DA:134,0
DA:135,0
DA:141,0
LF:60
LH:0
BRDA:29,0,0,0
BRDA:29,0,1,0
BRDA:29,1,0,0
BRDA:29,1,1,0
BRDA:29,2,0,0
BRDA:29,2,1,0
BRDA:30,3,0,0
BRDA:30,3,1,0
BRDA:49,4,0,0
BRDA:49,4,1,0
BRDA:53,5,0,0
BRDA:53,5,1,0
BRDA:53,6,0,0
BRDA:53,6,1,0
BRDA:57,7,0,0
BRDA:57,7,1,0
BRDA:64,8,0,0
BRDA:64,8,1,0
BRDA:64,9,0,0
BRDA:64,9,1,0
BRDA:71,10,0,0
BRDA:71,10,1,0
BRDA:92,11,0,0
BRDA:92,11,1,0
BRDA:94,12,0,0
BRDA:94,12,1,0
BRDA:112,13,0,0
BRDA:112,13,1,0
BRDA:115,14,0,0
BRDA:115,14,1,0
BRDA:127,15,0,0
BRDA:127,15,1,0
BRDA:127,16,0,0
BRDA:127,16,1,0
BRDA:134,17,0,0
BRDA:134,17,1,0
BRF:36
BRH:0
end_of_record
TN:
SF:src\middlewares\validateBody.ts
FN:4,validateBody
FN:5,(anonymous_1)
FN:10,(anonymous_2)
FNF:3
FNH:0
FNDA:0,validateBody
FNDA:0,(anonymous_1)
FNDA:0,(anonymous_2)
DA:4,0
DA:5,0
DA:6,0
DA:7,0
DA:8,0
DA:10,0
DA:14,0
LF:7
LH:0
BRDA:10,0,0,0
BRDA:10,0,1,0
BRF:2
BRH:0
end_of_record
TN:
SF:src\modules\audit\audit.controller.ts
FN:6,getAuditLogs
FN:33,getProjectAuditLogs
FNF:2
FNH:0
FNDA:0,getAuditLogs
FNDA:0,getProjectAuditLogs
DA:2,0
DA:3,0
DA:4,0
DA:6,0
DA:7,0
DA:8,0
DA:9,0
DA:11,0
DA:12,0
DA:13,0
DA:14,0
DA:15,0
DA:16,0
DA:17,0
DA:19,0
DA:30,0
DA:33,0
DA:34,0
DA:36,0
DA:42,0
LF:20
LH:0
BRDA:7,0,0,0
BRDA:7,0,1,0
BRDA:8,1,0,0
BRDA:8,1,1,0
BRDA:15,2,0,0
BRDA:15,2,1,0
BRDA:16,3,0,0
BRDA:16,3,1,0
BRDA:17,4,0,0
BRDA:17,4,1,0
BRF:10
BRH:0
end_of_record
TN:
SF:src\modules\audit\audit.routes.ts
FNF:0
FNH:0
DA:1,0
DA:2,0
DA:3,0
DA:5,0
DA:7,0
DA:8,0
DA:10,0
LF:7
LH:0
BRF:0
BRH:0
end_of_record
TN:
SF:src\modules\auth\auth.controller.ts
FN:11,login
FN:17,(anonymous_2)
FN:60,register
FN:66,(anonymous_4)
FN:102,getMe
FN:126,refreshToken
FN:166,changePassword
FN:172,(anonymous_8)
FN:208,changeCredentials
FN:214,(anonymous_10)
FN:257,logout
FNF:11
FNH:0
FNDA:0,login
FNDA:0,(anonymous_2)
FNDA:0,register
FNDA:0,(anonymous_4)
FNDA:0,getMe
FNDA:0,refreshToken
FNDA:0,changePassword
FNDA:0,(anonymous_8)
FNDA:0,changeCredentials
FNDA:0,(anonymous_10)
FNDA:0,logout
DA:2,0
DA:3,0
DA:5,0
DA:6,0
DA:8,0
DA:9,0
DA:11,0
DA:12,0
DA:13,0
DA:14,0
DA:17,0
DA:21,0
DA:23,0
DA:29,0
DA:30,0
DA:37,0
DA:38,0
DA:39,0
DA:46,0
DA:53,0
DA:60,0
DA:61,0
DA:62,0
DA:63,0
DA:66,0
DA:70,0
DA:72,0
DA:76,0
DA:77,0
DA:84,0
DA:86,0
DA:97,0
DA:102,0
DA:103,0
DA:104,0
DA:111,0
DA:115,0
DA:116,0
DA:123,0
DA:126,0
DA:127,0
DA:128,0
DA:129,0
DA:136,0
DA:137,0
DA:138,0
DA:139,0
DA:140,0
DA:147,0
DA:153,0
DA:158,0
DA:166,0
DA:167,0
DA:168,0
DA:169,0
DA:172,0
DA:176,0
DA:177,0
DA:179,0
DA:180,0
DA:181,0
DA:188,0
DA:189,0
DA:190,0
DA:197,0
DA:205,0
DA:208,0
DA:209,0
DA:210,0
DA:211,0
DA:214,0
DA:218,0
DA:219,0
DA:221,0
DA:222,0
DA:223,0
DA:230,0
DA:235,0
DA:236,0
DA:243,0
DA:244,0
DA:245,0
DA:246,0
DA:249,0
DA:254,0
DA:257,0
DA:258,0
LF:87
LH:0
BRDA:13,0,0,0
BRDA:13,0,1,0
BRDA:17,1,0,0
BRDA:17,1,1,0
BRDA:29,2,0,0
BRDA:29,2,1,0
BRDA:38,3,0,0
BRDA:38,3,1,0
BRDA:50,4,0,0
BRDA:50,4,1,0
BRDA:62,5,0,0
BRDA:62,5,1,0
BRDA:66,6,0,0
BRDA:66,6,1,0
BRDA:76,7,0,0
BRDA:76,7,1,0
BRDA:103,8,0,0
BRDA:103,8,1,0
BRDA:115,9,0,0
BRDA:115,9,1,0
BRDA:128,10,0,0
BRDA:128,10,1,0
BRDA:139,11,0,0
BRDA:139,11,1,0
BRDA:168,12,0,0
BRDA:168,12,1,0
BRDA:172,13,0,0
BRDA:172,13,1,0
BRDA:180,14,0,0
BRDA:180,14,1,0
BRDA:189,15,0,0
BRDA:189,15,1,0
BRDA:210,16,0,0
BRDA:210,16,1,0
BRDA:214,17,0,0
BRDA:214,17,1,0
BRDA:222,18,0,0
BRDA:222,18,1,0
BRDA:235,19,0,0
BRDA:235,19,1,0
BRDA:244,20,0,0
BRDA:244,20,1,0
BRF:42
BRH:0
end_of_record
TN:
SF:src\modules\auth\auth.routes.ts
FNF:0
FNH:0
DA:1,0
DA:2,0
DA:3,0
DA:5,0
DA:7,0
DA:8,0
DA:9,0
DA:10,0
DA:12,0
DA:13,0
DA:14,0
DA:16,0
LF:12
LH:0
BRF:0
BRH:0
end_of_record
TN:
SF:src\modules\auth\auth.service.ts
FN:7,generateAccessToken
FN:15,generateRefreshToken
FN:23,generateTokens
FN:41,mapUserRoleFrontend
FN:54,mapProjectStatusToFrontend
FN:75,toAuthUser
FN:89,hashPassword
FN:93,comparePassword
FNF:8
FNH:3
FNDA:1,generateAccessToken
FNDA:0,generateRefreshToken
FNDA:0,generateTokens
FNDA:0,mapUserRoleFrontend
FNDA:0,mapProjectStatusToFrontend
FNDA:0,toAuthUser
FNDA:5,hashPassword
FNDA:2,comparePassword
DA:1,1
DA:2,1
DA:3,1
DA:5,1
DA:7,1
DA:8,1
DA:9,1
DA:10,1
DA:15,1
DA:16,0
DA:17,0
DA:18,0
DA:23,1
DA:29,0
DA:35,0
DA:41,1
DA:42,0
DA:45,0
DA:48,0
DA:50,0
DA:54,1
DA:57,0
DA:59,0
DA:61,0
DA:63,0
DA:65,0
DA:67,0
DA:71,0
DA:75,1
DA:76,0
DA:89,1
DA:90,5
DA:93,1
DA:94,2
LF:34
LH:17
BRDA:9,0,0,0
BRDA:9,0,1,1
BRDA:17,1,0,0
BRDA:17,1,1,0
BRDA:42,2,0,0
BRDA:42,2,1,0
BRDA:42,2,2,0
BRDA:42,2,3,0
BRDA:42,2,4,0
BRDA:57,3,0,0
BRDA:57,3,1,0
BRDA:57,3,2,0
BRDA:57,3,3,0
BRDA:57,3,4,0
BRDA:57,3,5,0
BRDA:57,3,6,0
BRDA:57,3,7,0
BRF:17
BRH:1
end_of_record
TN:
SF:src\modules\auth\auth.validators.ts
FN:26,(anonymous_0)
FNF:1
FNH:0
FNDA:0,(anonymous_0)
DA:1,0
DA:3,0
DA:8,0
DA:16,0
DA:21,0
DA:26,0
LF:6
LH:0
BRDA:26,0,0,0
BRDA:26,0,1,0
BRF:2
BRH:0
end_of_record
TN:
SF:src\modules\boq\boq.service.ts
FN:20,(anonymous_9)
FN:21,(anonymous_10)
FN:108,(anonymous_11)
FN:119,(anonymous_12)
FNF:4
FNH:4
FNDA:3,(anonymous_9)
FNDA:3,(anonymous_10)
FNDA:1,(anonymous_11)
FNDA:3,(anonymous_12)
DA:1,1
DA:2,1
DA:19,1
DA:21,3
DA:22,3
DA:23,3
DA:24,3
DA:26,3
DA:27,3
DA:28,3
DA:29,3
DA:31,3
DA:32,3
DA:33,3
DA:35,3
DA:36,6
DA:37,6
DA:39,6
DA:40,22
DA:41,22
DA:43,16
DA:45,16
DA:46,1
DA:47,1
DA:48,1
DA:49,1
DA:54,16
DA:55,0
DA:56,0
DA:57,0
DA:58,0
DA:59,0
DA:60,0
DA:61,0
DA:62,0
DA:63,0
DA:69,16
DA:70,0
DA:71,0
DA:72,0
DA:73,0
DA:78,16
DA:79,3
DA:80,3
DA:81,3
DA:82,3
DA:83,3
DA:85,3
DA:86,3
DA:87,3
DA:89,3
DA:90,12
DA:91,12
DA:93,12
DA:94,3
DA:95,3
DA:96,9
DA:97,3
DA:98,3
DA:99,6
DA:100,3
DA:101,3
DA:102,3
DA:103,3
DA:104,3
DA:108,3
DA:109,3
DA:116,3
DA:118,3
DA:119,3
DA:122,3
DA:124,0
DA:125,0
LF:73
LH:58
BRDA:24,0,0,3
BRDA:24,0,1,0
BRDA:37,1,0,0
BRDA:37,1,1,6
BRDA:37,2,0,6
BRDA:37,2,1,6
BRDA:41,3,0,6
BRDA:41,3,1,16
BRDA:41,4,0,22
BRDA:41,4,1,22
BRDA:45,5,0,1
BRDA:45,5,1,15
BRDA:45,6,0,16
BRDA:45,6,1,15
BRDA:47,7,0,1
BRDA:47,7,1,0
BRDA:47,8,0,1
BRDA:47,8,1,1
BRDA:47,8,2,1
BRDA:54,9,0,0
BRDA:54,9,1,16
BRDA:54,10,0,16
BRDA:54,10,1,16
BRDA:56,11,0,0
BRDA:56,11,1,0
BRDA:59,12,0,0
BRDA:59,12,1,0
BRDA:61,13,0,0
BRDA:61,13,1,0
BRDA:61,14,0,0
BRDA:61,14,1,0
BRDA:69,15,0,0
BRDA:69,15,1,16
BRDA:69,16,0,16
BRDA:69,16,1,16
BRDA:69,16,2,16
BRDA:69,16,3,16
BRDA:71,17,0,0
BRDA:71,17,1,0
BRDA:71,18,0,0
BRDA:71,18,1,0
BRDA:78,19,0,3
BRDA:78,19,1,13
BRDA:91,20,0,0
BRDA:91,20,1,12
BRDA:91,21,0,12
BRDA:91,21,1,12
BRDA:91,21,2,12
BRDA:93,22,0,3
BRDA:93,22,1,9
BRDA:93,23,0,12
BRDA:93,23,1,3
BRDA:93,23,2,3
BRDA:96,24,0,3
BRDA:96,24,1,6
BRDA:96,25,0,9
BRDA:96,25,1,9
BRDA:96,25,2,3
BRDA:96,25,3,0
BRDA:99,26,0,3
BRDA:99,26,1,3
BRDA:99,27,0,6
BRDA:99,27,1,6
BRDA:99,27,2,3
BRDA:102,28,0,3
BRDA:102,28,1,0
BRDA:102,29,0,3
BRDA:102,29,1,3
BRDA:102,29,2,0
BRDA:108,30,0,3
BRDA:108,30,1,0
BRDA:108,31,0,1
BRDA:108,31,1,0
BRDA:116,32,0,0
BRDA:116,32,1,3
BRDA:118,33,0,2
BRDA:118,33,1,1
BRDA:118,34,0,3
BRDA:118,34,1,3
BRF:79
BRH:55
end_of_record
TN:
SF:src\modules\dashboard\dashboard.controller.ts
FN:6,getDashboardSummary
FN:45,getMonthlyStats
FN:83,(anonymous_3)
FNF:3
FNH:0
FNDA:0,getDashboardSummary
FNDA:0,getMonthlyStats
FNDA:0,(anonymous_3)
DA:2,0
DA:3,0
DA:6,0
DA:16,0
DA:27,0
DA:32,0
DA:45,0
DA:46,0
DA:47,0
DA:48,0
DA:50,0
DA:56,0
DA:57,0
DA:59,0
DA:61,0
DA:63,0
DA:65,0
DA:66,0
DA:75,0
DA:76,0
DA:77,0
DA:78,0
DA:79,0
DA:80,0
DA:83,0
DA:85,0
LF:26
LH:0
BRDA:39,0,0,0
BRDA:39,0,1,0
BRDA:40,1,0,0
BRDA:40,1,1,0
BRDA:41,2,0,0
BRDA:41,2,1,0
BRDA:46,3,0,0
BRDA:46,3,1,0
BRDA:56,4,0,0
BRDA:56,4,1,0
BRDA:57,5,0,0
BRDA:57,5,1,0
BRDA:78,6,0,0
BRDA:78,6,1,0
BRDA:79,7,0,0
BRDA:79,7,1,0
BRDA:80,8,0,0
BRDA:80,8,1,0
BRF:18
BRH:0
end_of_record
TN:
SF:src\modules\dashboard\dashboard.routes.ts
FNF:0
FNH:0
DA:1,0
DA:2,0
DA:3,0
DA:5,0
DA:7,0
DA:8,0
DA:10,0
LF:7
LH:0
BRF:0
BRH:0
end_of_record
TN:
SF:src\modules\files\files.controller.ts
FN:6,downloadFile
FN:22,(anonymous_2)
FN:29,listProjectFiles
FNF:3
FNH:0
FNDA:0,downloadFile
FNDA:0,(anonymous_2)
FNDA:0,listProjectFiles
DA:2,0
DA:3,0
DA:4,0
DA:6,0
DA:7,0
DA:9,0
DA:14,0
DA:15,0
DA:22,0
DA:23,0
DA:24,0
DA:29,0
DA:30,0
DA:32,0
DA:38,0
LF:15
LH:0
BRDA:14,0,0,0
BRDA:14,0,1,0
BRDA:23,1,0,0
BRDA:23,1,1,0
BRF:4
BRH:0
end_of_record
TN:
SF:src\modules\files\files.routes.ts
FNF:0
FNH:0
DA:1,0
DA:2,0
DA:3,0
DA:5,0
DA:7,0
DA:8,0
DA:10,0
LF:7
LH:0
BRF:0
BRH:0
end_of_record
TN:
SF:src\modules\geomap\geomap.controller.ts
FN:6,getGeomapProjects
FNF:1
FNH:0
FNDA:0,getGeomapProjects
DA:2,0
DA:3,0
DA:6,0
DA:7,0
DA:8,0
DA:9,0
DA:11,0
DA:12,0
DA:13,0
DA:14,0
DA:15,0
DA:17,0
DA:22,0
DA:24,0
DA:25,0
DA:27,0
DA:28,0
DA:29,0
DA:31,0
DA:49,0
LF:20
LH:0
BRDA:12,0,0,0
BRDA:12,0,1,0
BRDA:13,1,0,0
BRDA:13,1,1,0
BRDA:14,2,0,0
BRDA:14,2,1,0
BRDA:25,3,0,0
BRDA:25,3,1,0
BRDA:34,4,0,0
BRDA:34,4,1,0
BRDA:35,5,0,0
BRDA:35,5,1,0
BRDA:41,6,0,0
BRDA:41,6,1,0
BRDA:42,7,0,0
BRDA:42,7,1,0
BRDA:43,8,0,0
BRDA:43,8,1,0
BRDA:44,9,0,0
BRDA:44,9,1,0
BRF:20
BRH:0
end_of_record
TN:
SF:src\modules\geomap\geomap.routes.ts
FNF:0
FNH:0
DA:1,0
DA:2,0
DA:3,0
DA:5,0
DA:7,0
DA:9,0
LF:6
LH:0
BRF:0
BRH:0
end_of_record
TN:
SF:src\modules\health\health.routes.ts
FN:5,(anonymous_0)
FNF:1
FNH:0
FNDA:0,(anonymous_0)
DA:1,0
DA:3,0
DA:5,0
DA:6,0
DA:17,0
LF:5
LH:0
BRF:0
BRH:0
end_of_record
TN:
SF:src\modules\khs\khs.controller.ts
FN:10,listKhs
FN:20,(anonymous_1)
FN:34,createKhsItem
FN:40,(anonymous_3)
FN:55,getKhsItem
FN:75,updateKhsItem
FN:97,deleteKhsItem
FN:112,importKhsFromExcel
FNF:8
FNH:0
FNDA:0,listKhs
FNDA:0,(anonymous_1)
FNDA:0,createKhsItem
FNDA:0,(anonymous_3)
FNDA:0,getKhsItem
FNDA:0,updateKhsItem
FNDA:0,deleteKhsItem
FNDA:0,importKhsFromExcel
DA:3,0
DA:4,0
DA:5,0
DA:6,0
DA:8,0
DA:10,0
DA:11,0
DA:18,0
DA:20,0
DA:34,0
DA:35,0
DA:36,0
DA:37,0
DA:40,0
DA:44,0
DA:45,0
DA:55,0
DA:56,0
DA:57,0
DA:58,0
DA:59,0
DA:65,0
DA:75,0
DA:76,0
DA:77,0
DA:78,0
DA:79,0
DA:86,0
DA:87,0
DA:97,0
DA:98,0
DA:99,0
DA:100,0
DA:101,0
DA:108,0
DA:109,0
DA:112,0
DA:113,0
DA:114,0
DA:121,0
DA:122,0
DA:123,0
DA:129,0
LF:43
LH:0
BRDA:12,0,0,0
BRDA:12,0,1,0
BRDA:13,1,0,0
BRDA:13,1,1,0
BRDA:26,2,0,0
BRDA:26,2,1,0
BRDA:36,3,0,0
BRDA:36,3,1,0
BRDA:40,4,0,0
BRDA:40,4,1,0
BRDA:58,5,0,0
BRDA:58,5,1,0
BRDA:78,6,0,0
BRDA:78,6,1,0
BRDA:100,7,0,0
BRDA:100,7,1,0
BRDA:113,8,0,0
BRDA:113,8,1,0
BRF:18
BRH:0
end_of_record
TN:
SF:src\modules\khs\khs.repository.ts
FN:13,(anonymous_1)
FN:17,(anonymous_2)
FN:21,(anonymous_3)
FN:27,(anonymous_4)
FN:31,(anonymous_5)
FN:35,(anonymous_6)
FN:40,(anonymous_7)
FN:44,(anonymous_8)
FN:48,(anonymous_9)
FNF:9
FNH:0
FNDA:0,(anonymous_1)
FNDA:0,(anonymous_2)
FNDA:0,(anonymous_3)
FNDA:0,(anonymous_4)
FNDA:0,(anonymous_5)
FNDA:0,(anonymous_6)
FNDA:0,(anonymous_7)
FNDA:0,(anonymous_8)
FNDA:0,(anonymous_9)
DA:1,0
DA:12,0
DA:14,0
DA:18,0
DA:22,0
DA:28,0
DA:32,0
DA:36,0
DA:37,0
DA:41,0
DA:45,0
DA:49,0
DA:50,0
DA:51,0
DA:53,0
DA:54,0
DA:55,0
DA:68,0
DA:70,0
DA:71,0
DA:75,0
LF:21
LH:0
BRDA:13,0,0,0
BRDA:13,1,0,0
BRDA:13,2,0,0
BRDA:17,3,0,0
BRDA:23,4,0,0
BRDA:23,4,1,0
BRDA:70,5,0,0
BRDA:70,5,1,0
BRF:8
BRH:0
end_of_record
TN:
SF:src\modules\khs\khs.routes.ts
FNF:0
FNH:0
DA:1,0
DA:2,0
DA:3,0
DA:4,0
DA:6,0
DA:8,0
DA:9,0
DA:10,0
DA:11,0
DA:12,0
DA:13,0
DA:15,0
LF:12
LH:0
BRF:0
BRH:0
end_of_record
TN:
SF:src\modules\khs\khs.service.ts
FN:8,(anonymous_9)
FN:39,(anonymous_10)
FN:75,(anonymous_11)
FN:79,(anonymous_12)
FN:83,(anonymous_13)
FN:87,(anonymous_14)
FN:91,(anonymous_15)
FNF:7
FNH:0
FNDA:0,(anonymous_9)
FNDA:0,(anonymous_10)
FNDA:0,(anonymous_11)
FNDA:0,(anonymous_12)
FNDA:0,(anonymous_13)
FNDA:0,(anonymous_14)
FNDA:0,(anonymous_15)
DA:1,0
DA:2,0
DA:3,0
DA:5,0
DA:6,0
DA:13,0
DA:14,0
DA:15,0
DA:16,0
DA:18,0
DA:20,0
DA:21,0
DA:22,0
DA:23,0
DA:24,0
DA:27,0
DA:36,0
DA:46,0
DA:47,0
DA:48,0
DA:50,0
DA:52,0
DA:53,0
DA:59,0
DA:60,0
DA:63,0
DA:64,0
DA:67,0
DA:72,0
DA:76,0
DA:80,0
DA:84,0
DA:88,0
DA:92,0
LF:34
LH:0
BRDA:8,0,0,0
BRDA:21,1,0,0
BRDA:21,1,1,0
BRDA:21,1,2,0
BRDA:21,1,3,0
BRDA:22,2,0,0
BRDA:22,2,1,0
BRDA:30,3,0,0
BRDA:30,3,1,0
BRDA:30,3,2,0
BRDA:30,3,3,0
BRDA:31,4,0,0
BRDA:31,4,1,0
BRDA:31,4,2,0
BRDA:32,5,0,0
BRDA:32,5,1,0
BRDA:32,5,2,0
BRDA:32,5,3,0
BRDA:46,6,0,0
BRDA:46,6,1,0
BRDA:47,7,0,0
BRDA:47,7,1,0
BRDA:52,8,0,0
BRDA:52,8,1,0
BRDA:59,9,0,0
BRDA:59,9,1,0
BRDA:63,10,0,0
BRDA:63,10,1,0
BRF:28
BRH:0
end_of_record
TN:
SF:src\modules\khs\khs.validators.ts
FNF:0
FNH:0
DA:1,0
DA:3,0
DA:12,0
LF:3
LH:0
BRF:0
BRH:0
end_of_record
TN:
SF:src\modules\kmz\kmz.service.ts
FN:19,(anonymous_10)
FN:34,(anonymous_11)
FN:37,(anonymous_12)
FN:47,(anonymous_13)
FN:105,(anonymous_14)
FN:131,(anonymous_15)
FN:139,(anonymous_16)
FN:148,(anonymous_17)
FN:161,(anonymous_18)
FNF:9
FNH:5
FNDA:0,(anonymous_10)
FNDA:0,(anonymous_11)
FNDA:0,(anonymous_12)
FNDA:4,(anonymous_13)
FNDA:3,(anonymous_14)
FNDA:7,(anonymous_15)
FNDA:7,(anonymous_16)
FNDA:3,(anonymous_17)
FNDA:0,(anonymous_18)
DA:1,1
DA:2,1
DA:3,1
DA:4,1
DA:18,1
DA:20,0
DA:21,0
DA:23,0
DA:25,0
DA:26,0
DA:28,0
DA:31,0
DA:35,0
DA:36,0
DA:37,0
DA:40,0
DA:41,0
DA:44,0
DA:48,4
DA:49,4
DA:51,4
DA:52,4
DA:54,4
DA:55,4
DA:57,4
DA:58,4
DA:60,4
DA:62,4
DA:63,3
DA:64,3
DA:66,3
DA:67,7
DA:68,7
DA:69,7
DA:70,7
DA:71,7
DA:72,7
DA:78,4
DA:79,1
DA:82,3
DA:83,3
DA:84,3
DA:85,3
DA:87,3
DA:88,3
DA:90,3
DA:92,3
DA:106,3
DA:108,3
DA:109,7
DA:119,3
DA:120,0
DA:127,3
DA:131,7
DA:139,7
DA:149,3
DA:151,3
DA:152,7
DA:153,7
DA:154,7
DA:155,7
DA:158,3
DA:166,0
DA:167,0
DA:168,0
DA:174,0
DA:176,0
DA:177,0
DA:178,0
DA:179,0
DA:181,0
DA:188,0
DA:194,0
DA:195,0
LF:74
LH:48
BRDA:25,0,0,0
BRDA:25,0,1,0
BRDA:40,1,0,0
BRDA:40,1,1,0
BRDA:55,2,0,2
BRDA:55,2,1,2
BRDA:55,3,0,4
BRDA:55,3,1,2
BRDA:58,4,0,1
BRDA:58,4,1,3
BRDA:58,5,0,4
BRDA:58,5,1,1
BRDA:68,6,0,7
BRDA:68,6,1,0
BRDA:71,7,0,7
BRDA:71,7,1,0
BRDA:71,8,0,7
BRDA:71,8,1,7
BRDA:71,8,2,7
BRDA:71,8,3,7
BRDA:71,8,4,7
BRDA:71,8,5,7
BRDA:78,9,0,1
BRDA:78,9,1,3
BRDA:119,10,0,0
BRDA:119,10,1,3
BRDA:167,11,0,0
BRDA:167,11,1,0
BRDA:176,12,0,0
BRDA:176,12,1,0
BRDA:176,13,0,0
BRDA:176,13,1,0
BRDA:177,14,0,0
BRDA:177,14,1,0
BRDA:177,14,2,0
BRDA:177,14,3,0
BRDA:177,14,4,0
BRDA:178,15,0,0
BRDA:178,15,1,0
BRDA:178,15,2,0
BRDA:179,16,0,0
BRDA:179,16,1,0
BRF:42
BRH:19
end_of_record
TN:
SF:src\modules\projects\projects.controller.ts
FN:10,createProject
FN:46,listProjects
FN:67,getProject
FN:79,updateProject
FN:92,deleteProject
FN:105,submitProject
FN:118,validateProject
FN:141,getValidation
FNF:8
FNH:0
FNDA:0,createProject
FNDA:0,listProjects
FNDA:0,getProject
FNDA:0,updateProject
FNDA:0,deleteProject
FNDA:0,submitProject
FNDA:0,validateProject
FNDA:0,getValidation
DA:2,0
DA:3,0
DA:5,0
DA:6,0
DA:8,0
DA:10,0
DA:11,0
DA:12,0
DA:13,0
DA:18,0
DA:19,0
DA:22,0
DA:23,0
DA:26,0
DA:27,0
DA:35,0
DA:37,0
DA:38,0
DA:46,0
DA:47,0
DA:58,0
DA:67,0
DA:68,0
DA:69,0
DA:70,0
DA:76,0
DA:79,0
DA:80,0
DA:81,0
DA:82,0
DA:84,0
DA:92,0
DA:93,0
DA:94,0
DA:95,0
DA:97,0
DA:105,0
DA:106,0
DA:107,0
DA:108,0
DA:110,0
DA:118,0
DA:119,0
DA:121,0
DA:122,0
DA:129,0
DA:130,0
DA:131,0
DA:133,0
DA:141,0
DA:142,0
DA:143,0
DA:144,0
DA:150,0
LF:54
LH:0
BRDA:18,0,0,0
BRDA:18,0,1,0
BRDA:18,1,0,0
BRDA:18,1,1,0
BRDA:18,1,2,0
BRDA:22,2,0,0
BRDA:22,2,1,0
BRDA:22,3,0,0
BRDA:22,3,1,0
BRDA:22,3,2,0
BRDA:40,4,0,0
BRDA:40,4,1,0
BRDA:48,5,0,0
BRDA:48,5,1,0
BRDA:49,6,0,0
BRDA:49,6,1,0
BRDA:69,7,0,0
BRDA:69,7,1,0
BRDA:121,8,0,0
BRDA:121,8,1,0
BRDA:143,9,0,0
BRDA:143,9,1,0
BRF:22
BRH:0
end_of_record
TN:
SF:src\modules\projects\projects.routes.ts
FNF:0
FNH:0
DA:1,0
DA:2,0
DA:12,0
DA:13,0
DA:15,0
DA:17,0
DA:25,0
DA:26,0
DA:27,0
DA:28,0
DA:29,0
DA:30,0
DA:31,0
DA:33,0
LF:14
LH:0
BRF:0
BRH:0
end_of_record
TN:
SF:src\modules\projects\projects.service.ts
FN:50,(anonymous_1)
FN:56,(anonymous_2)
FN:69,(anonymous_3)
FN:134,(anonymous_4)
FN:167,(anonymous_5)
FN:201,(anonymous_6)
FN:210,(anonymous_7)
FN:240,(anonymous_8)
FN:261,(anonymous_9)
FN:268,(anonymous_10)
FN:269,(anonymous_11)
FN:302,(anonymous_12)
FN:303,(anonymous_13)
FN:304,(anonymous_14)
FN:349,(anonymous_15)
FN:366,(anonymous_16)
FN:370,(anonymous_17)
FN:390,(anonymous_18)
FN:416,(anonymous_19)
FN:429,(anonymous_20)
FN:452,(anonymous_21)
FNF:21
FNH:0
FNDA:0,(anonymous_1)
FNDA:0,(anonymous_2)
FNDA:0,(anonymous_3)
FNDA:0,(anonymous_4)
FNDA:0,(anonymous_5)
FNDA:0,(anonymous_6)
FNDA:0,(anonymous_7)
FNDA:0,(anonymous_8)
FNDA:0,(anonymous_9)
FNDA:0,(anonymous_10)
FNDA:0,(anonymous_11)
FNDA:0,(anonymous_12)
FNDA:0,(anonymous_13)
FNDA:0,(anonymous_14)
FNDA:0,(anonymous_15)
FNDA:0,(anonymous_16)
FNDA:0,(anonymous_17)
FNDA:0,(anonymous_18)
FNDA:0,(anonymous_19)
FNDA:0,(anonymous_20)
FNDA:0,(anonymous_21)
DA:1,0
DA:2,0
DA:3,0
DA:4,0
DA:5,0
DA:6,0
DA:7,0
DA:8,0
DA:11,0
DA:13,0
DA:14,0
DA:15,0
DA:16,0
DA:49,0
DA:51,0
DA:52,0
DA:53,0
DA:57,0
DA:58,0
DA:59,0
DA:60,0
DA:61,0
DA:62,0
DA:65,0
DA:76,0
DA:78,0
DA:79,0
DA:80,0
DA:81,0
DA:82,0
DA:84,0
DA:85,0
DA:86,0
DA:87,0
DA:88,0
DA:89,0
DA:90,0
DA:91,0
DA:92,0
DA:96,0
DA:97,0
DA:98,0
DA:101,0
DA:114,0
DA:116,0
DA:117,0
DA:132,0
DA:133,0
DA:134,0
DA:146,0
DA:148,0
DA:150,0
DA:152,0
DA:153,0
DA:154,0
DA:163,0
DA:177,0
DA:178,0
DA:180,0
DA:181,0
DA:182,0
DA:183,0
DA:184,0
DA:191,0
DA:192,0
DA:195,0
DA:200,0
DA:202,0
DA:203,0
DA:204,0
DA:206,0
DA:207,0
DA:208,0
DA:209,0
DA:210,0
DA:211,0
DA:212,0
DA:215,0
DA:218,0
DA:237,0
DA:241,0
DA:252,0
DA:253,0
DA:256,0
DA:257,0
DA:258,0
DA:259,0
DA:260,0
DA:261,0
DA:262,0
DA:263,0
DA:268,0
DA:269,0
DA:270,0
DA:289,0
DA:302,0
DA:303,0
DA:304,0
DA:310,0
DA:355,0
DA:367,0
DA:371,0
DA:372,0
DA:373,0
DA:376,0
DA:377,0
DA:380,0
DA:385,0
DA:387,0
DA:394,0
DA:395,0
DA:396,0
DA:399,0
DA:400,0
DA:408,0
DA:413,0
DA:417,0
DA:430,0
DA:431,0
DA:432,0
DA:435,0
DA:452,0
LF:122
LH:0
BRDA:57,0,0,0
BRDA:57,0,1,0
BRDA:57,0,2,0
BRDA:57,0,3,0
BRDA:57,0,4,0
BRDA:57,0,5,0
BRDA:57,0,6,0
BRDA:57,0,7,0
BRDA:80,1,0,0
BRDA:80,1,1,0
BRDA:85,2,0,0
BRDA:85,2,1,0
BRDA:88,3,0,0
BRDA:88,3,1,0
BRDA:96,4,0,0
BRDA:96,4,1,0
BRDA:98,5,0,0
BRDA:98,5,1,0
BRDA:108,6,0,0
BRDA:108,6,1,0
BRDA:109,7,0,0
BRDA:109,7,1,0
BRDA:116,8,0,0
BRDA:116,8,1,0
BRDA:132,9,0,0
BRDA:132,9,1,0
BRDA:132,10,0,0
BRDA:132,10,1,0
BRDA:148,11,0,0
BRDA:148,11,1,0
BRDA:153,12,0,0
BRDA:153,12,1,0
BRDA:180,13,0,0
BRDA:180,13,1,0
BRDA:181,14,0,0
BRDA:181,14,1,0
BRDA:182,15,0,0
BRDA:182,15,1,0
BRDA:183,16,0,0
BRDA:183,16,1,0
BRDA:191,17,0,0
BRDA:191,17,1,0
BRDA:191,18,0,0
BRDA:191,18,1,0
BRDA:206,19,0,0
BRDA:206,19,1,0
BRDA:208,20,0,0
BRDA:208,20,1,0
BRDA:209,21,0,0
BRDA:209,21,1,0
BRDA:211,22,0,0
BRDA:211,22,1,0
BRDA:229,23,0,0
BRDA:229,23,1,0
BRDA:252,24,0,0
BRDA:252,24,1,0
BRDA:257,25,0,0
BRDA:257,25,1,0
BRDA:259,26,0,0
BRDA:259,26,1,0
BRDA:260,27,0,0
BRDA:260,27,1,0
BRDA:262,28,0,0
BRDA:262,28,1,0
BRDA:277,29,0,0
BRDA:277,29,1,0
BRDA:290,30,0,0
BRDA:290,30,1,0
BRDA:305,31,0,0
BRDA:305,31,1,0
BRDA:336,32,0,0
BRDA:336,32,1,0
BRDA:372,33,0,0
BRDA:372,33,1,0
BRDA:376,34,0,0
BRDA:376,34,1,0
BRDA:395,35,0,0
BRDA:395,35,1,0
BRDA:431,36,0,0
BRDA:431,36,1,0
BRDA:446,37,0,0
BRDA:446,37,1,0
BRDA:447,38,0,0
BRDA:447,38,1,0
BRDA:448,39,0,0
BRDA:448,39,1,0
BRDA:449,40,0,0
BRDA:449,40,1,0
BRDA:450,41,0,0
BRDA:450,41,1,0
BRDA:451,42,0,0
BRDA:451,42,1,0
BRDA:452,43,0,0
BRDA:452,43,1,0
BRF:94
BRH:0
end_of_record
TN:
SF:src\modules\reports\reports.controller.ts
FN:7,getProjectReport
FN:32,getProjectReportPdf
FN:59,getProjectReportExcel
FN:107,generateReportHtml
FN:109,(anonymous_5)
FN:174,(anonymous_6)
FN:175,(anonymous_7)
FNF:7
FNH:0
FNDA:0,getProjectReport
FNDA:0,getProjectReportPdf
FNDA:0,getProjectReportExcel
FNDA:0,generateReportHtml
FNDA:0,(anonymous_5)
FNDA:0,(anonymous_6)
FNDA:0,(anonymous_7)
DA:2,0
DA:5,0
DA:7,0
DA:8,0
DA:10,0
DA:20,0
DA:21,0
DA:28,0
DA:29,0
DA:32,0
DA:33,0
DA:34,0
DA:45,0
DA:46,0
DA:53,0
DA:54,0
DA:55,0
DA:56,0
DA:59,0
DA:60,0
DA:62,0
DA:72,0
DA:73,0
DA:80,0
DA:101,0
DA:102,0
DA:103,0
DA:104,0
DA:108,0
DA:109,0
DA:110,0
DA:113,0
DA:175,0
DA:176,0
LF:34
LH:0
BRDA:20,0,0,0
BRDA:20,0,1,0
BRDA:45,1,0,0
BRDA:45,1,1,0
BRDA:72,2,0,0
BRDA:72,2,1,0
BRDA:84,3,0,0
BRDA:84,3,1,0
BRDA:85,4,0,0
BRDA:85,4,1,0
BRDA:86,5,0,0
BRDA:86,5,1,0
BRDA:90,6,0,0
BRDA:90,6,1,0
BRDA:91,7,0,0
BRDA:91,7,1,0
BRDA:92,8,0,0
BRDA:92,8,1,0
BRDA:93,9,0,0
BRDA:93,9,1,0
BRDA:94,10,0,0
BRDA:94,10,1,0
BRDA:98,11,0,0
BRDA:98,11,1,0
BRDA:110,12,0,0
BRDA:110,12,1,0
BRDA:139,13,0,0
BRDA:139,13,1,0
BRDA:140,14,0,0
BRDA:140,14,1,0
BRDA:141,15,0,0
BRDA:141,15,1,0
BRDA:149,16,0,0
BRDA:149,16,1,0
BRDA:150,17,0,0
BRDA:150,17,1,0
BRDA:151,18,0,0
BRDA:151,18,1,0
BRDA:152,19,0,0
BRDA:152,19,1,0
BRDA:153,20,0,0
BRDA:153,20,1,0
BRDA:153,21,0,0
BRDA:153,21,1,0
BRDA:162,22,0,0
BRDA:162,22,1,0
BRDA:163,23,0,0
BRDA:163,23,1,0
BRDA:163,24,0,0
BRDA:163,24,1,0
BRDA:164,25,0,0
BRDA:164,25,1,0
BRDA:164,26,0,0
BRDA:164,26,1,0
BRDA:178,27,0,0
BRDA:178,27,1,0
BRDA:183,28,0,0
BRDA:183,28,1,0
BRDA:184,29,0,0
BRDA:184,29,1,0
BRDA:185,30,0,0
BRDA:185,30,1,0
BRDA:185,31,0,0
BRDA:185,31,1,0
BRDA:192,32,0,0
BRDA:192,32,1,0
BRF:66
BRH:0
end_of_record
TN:
SF:src\modules\reports\reports.routes.ts
FNF:0
FNH:0
DA:1,0
DA:2,0
DA:3,0
DA:5,0
DA:7,0
DA:8,0
DA:9,0
DA:11,0
LF:8
LH:0
BRF:0
BRH:0
end_of_record
TN:
SF:src\modules\users\users.controller.ts
FN:18,listUsers
FN:40,(anonymous_2)
FN:43,createUser
FN:49,(anonymous_4)
FN:94,getUser
FN:103,deleteUser
FNF:6
FNH:0
FNDA:0,listUsers
FNDA:0,(anonymous_2)
FNDA:0,createUser
FNDA:0,(anonymous_4)
FNDA:0,getUser
FNDA:0,deleteUser
DA:2,0
DA:3,0
DA:4,0
DA:5,0
DA:7,0
DA:8,0
DA:11,0
DA:18,0
DA:19,0
DA:20,0
DA:21,0
DA:22,0
DA:23,0
DA:25,0
DA:26,0
DA:27,0
DA:33,0
DA:35,0
DA:40,0
DA:43,0
DA:44,0
DA:45,0
DA:46,0
DA:49,0
DA:53,0
DA:55,0
DA:58,0
DA:59,0
DA:66,0
DA:67,0
DA:69,0
DA:80,0
DA:88,0
DA:94,0
DA:95,0
DA:96,0
DA:97,0
DA:98,0
DA:100,0
DA:103,0
DA:104,0
DA:106,0
DA:107,0
DA:114,0
DA:115,0
DA:116,0
DA:119,0
DA:120,0
DA:128,0
LF:49
LH:0
BRDA:19,0,0,0
BRDA:19,0,1,0
BRDA:20,1,0,0
BRDA:20,1,1,0
BRDA:26,2,0,0
BRDA:26,2,1,0
BRDA:33,3,0,0
BRDA:33,3,1,0
BRDA:45,4,0,0
BRDA:45,4,1,0
BRDA:49,5,0,0
BRDA:49,5,1,0
BRDA:58,6,0,0
BRDA:58,6,1,0
BRDA:97,7,0,0
BRDA:97,7,1,0
BRDA:106,8,0,0
BRDA:106,8,1,0
BRDA:106,9,0,0
BRDA:106,9,1,0
BRDA:115,10,0,0
BRDA:115,10,1,0
BRF:22
BRH:0
end_of_record
TN:
SF:src\modules\users\users.routes.ts
FNF:0
FNH:0
DA:1,0
DA:2,0
DA:3,0
DA:5,0
DA:7,0
DA:8,0
DA:9,0
DA:10,0
DA:12,0
LF:9
LH:0
BRF:0
BRH:0
end_of_record
TN:
SF:src\modules\validation\validation.service.ts
FN:29,(anonymous_1)
FN:31,(anonymous_2)
FN:52,(anonymous_3)
FN:53,(anonymous_4)
FN:54,(anonymous_5)
FN:55,(anonymous_6)
FN:103,(anonymous_7)
FN:140,(anonymous_8)
FNF:8
FNH:4
FNDA:8,(anonymous_1)
FNDA:2,(anonymous_2)
FNDA:0,(anonymous_3)
FNDA:0,(anonymous_4)
FNDA:0,(anonymous_5)
FNDA:0,(anonymous_6)
FNDA:4,(anonymous_7)
FNDA:3,(anonymous_8)
DA:1,1
DA:3,1
DA:4,1
DA:28,1
DA:29,8
DA:32,2
DA:37,2
DA:38,1
DA:41,1
DA:42,1
DA:44,1
DA:45,1
DA:48,1
DA:49,0
DA:52,1
DA:53,1
DA:54,1
DA:55,1
DA:58,1
DA:59,0
DA:60,1
DA:61,0
DA:62,1
DA:63,0
DA:65,1
DA:68,1
DA:79,1
DA:80,0
DA:81,0
DA:84,1
DA:89,1
DA:104,4
DA:105,4
DA:106,4
DA:107,4
DA:110,4
DA:111,2
DA:112,2
DA:113,1
DA:115,1
DA:118,4
DA:130,4
DA:141,3
DA:143,3
DA:144,3
DA:146,3
DA:151,3
DA:152,1
DA:153,1
DA:159,1
DA:168,2
DA:171,2
DA:172,2
DA:174,0
DA:175,0
DA:178,2
DA:182,2
DA:195,2
DA:207,3
LF:59
LH:51
BRDA:37,0,0,1
BRDA:37,0,1,1
BRDA:44,1,0,1
BRDA:44,1,1,0
BRDA:44,2,0,1
BRDA:44,2,1,1
BRDA:45,3,0,1
BRDA:45,3,1,0
BRDA:48,4,0,0
BRDA:48,4,1,1
BRDA:48,5,0,1
BRDA:48,5,1,1
BRDA:52,6,0,0
BRDA:52,6,1,0
BRDA:58,7,0,0
BRDA:58,7,1,1
BRDA:58,8,0,1
BRDA:58,8,1,0
BRDA:60,9,0,0
BRDA:60,9,1,1
BRDA:60,10,0,1
BRDA:60,10,1,1
BRDA:62,11,0,0
BRDA:62,11,1,1
BRDA:69,12,0,1
BRDA:69,12,1,0
BRDA:70,13,0,1
BRDA:70,13,1,1
BRDA:71,14,0,1
BRDA:71,14,1,1
BRDA:72,15,0,1
BRDA:72,15,1,0
BRDA:75,16,0,1
BRDA:75,16,1,0
BRDA:79,17,0,0
BRDA:79,17,1,1
BRDA:79,18,0,1
BRDA:79,18,1,1
BRDA:110,19,0,2
BRDA:110,19,1,2
BRDA:112,20,0,1
BRDA:112,20,1,1
BRDA:144,21,0,3
BRDA:144,21,1,0
BRDA:151,22,0,1
BRDA:151,22,1,2
BRDA:171,23,0,2
BRDA:171,23,1,0
BRDA:172,24,0,1
BRDA:172,24,1,1
BRDA:175,25,0,0
BRDA:175,25,1,0
BRDA:178,26,0,2
BRDA:178,26,1,0
BRF:54
BRH:36
end_of_record
TN:
SF:src\routes\index.ts
FN:28,(anonymous_1)
FNF:1
FNH:0
FNDA:0,(anonymous_1)
DA:1,0
DA:2,0
DA:3,0
DA:4,0
DA:5,0
DA:6,0
DA:7,0
DA:8,0
DA:9,0
DA:10,0
DA:11,0
DA:12,0
DA:13,0
DA:15,0
DA:17,0
DA:18,0
DA:19,0
DA:20,0
DA:21,0
DA:22,0
DA:23,0
DA:24,0
DA:25,0
DA:26,0
DA:28,0
DA:29,0
DA:45,0
LF:27
LH:0
BRF:0
BRH:0
end_of_record
TN:
SF:src\utils\apiResponse.ts
FN:1,successResponse
FN:17,paginatedResponse
FNF:2
FNH:0
FNDA:0,successResponse
FNDA:0,paginatedResponse
DA:1,0
DA:8,0
DA:12,0
DA:13,0
DA:14,0
DA:17,0
DA:26,0
DA:27,0
LF:8
LH:0
BRDA:12,0,0,0
BRDA:12,0,1,0
BRDA:13,1,0,0
BRDA:13,1,1,0
BRF:4
BRH:0
end_of_record
TN:
SF:src\utils\dateFormat.ts
FN:6,formatIndonesianDate
FN:14,parseIndonesianDate
FN:19,(anonymous_2)
FNF:3
FNH:0
FNDA:0,formatIndonesianDate
FNDA:0,parseIndonesianDate
FNDA:0,(anonymous_2)
DA:1,0
DA:6,0
DA:7,0
DA:8,0
DA:9,0
DA:10,0
DA:11,0
DA:14,0
DA:15,0
DA:16,0
DA:17,0
DA:18,0
DA:19,0
DA:20,0
DA:21,0
DA:22,0
LF:16
LH:0
BRDA:7,0,0,0
BRDA:7,0,1,0
BRDA:15,1,0,0
BRDA:15,1,1,0
BRDA:17,2,0,0
BRDA:17,2,1,0
BRDA:21,3,0,0
BRDA:21,3,1,0
BRDA:21,4,0,0
BRDA:21,4,1,0
BRDA:21,4,2,0
BRF:11
BRH:0
end_of_record
TN:
SF:src\utils\logger.ts
FN:5,(anonymous_0)
FN:24,logRequest
FNF:2
FNH:0
FNDA:0,(anonymous_0)
FNDA:0,logRequest
DA:1,2
DA:3,2
DA:5,2
DA:6,0
DA:9,2
DA:24,2
DA:25,0
DA:26,0
LF:8
LH:5
BRDA:6,0,0,0
BRDA:6,0,1,0
BRDA:10,1,0,0
BRDA:10,1,1,2
BRDA:25,2,0,0
BRDA:25,2,1,0
BRF:6
BRH:1
end_of_record
TN:
SF:src\utils\reqQuery.ts
FN:1,getQueryParam
FN:8,getQueryParamAsNumber
FNF:2
FNH:0
FNDA:0,getQueryParam
FNDA:0,getQueryParamAsNumber
DA:1,0
DA:2,0
DA:3,0
DA:4,0
DA:5,0
DA:8,0
DA:9,0
DA:10,0
DA:11,0
DA:12,0
LF:10
LH:0
BRDA:3,0,0,0
BRDA:3,0,1,0
BRDA:4,1,0,0
BRDA:4,1,1,0
BRDA:10,2,0,0
BRDA:10,2,1,0
BRDA:12,3,0,0
BRDA:12,3,1,0
BRF:8
BRH:0
end_of_record
